c:\users\yyh\documents\github\fursim\fursim\release\vc140.pdb
c:\users\yyh\documents\github\fursim\fursim\release\源.obj
c:\users\yyh\documents\github\fursim\fursim\release\window.obj
c:\users\yyh\documents\github\fursim\fursim\release\vertex.obj
c:\users\yyh\documents\github\fursim\fursim\release\sphere.obj
c:\users\yyh\documents\github\fursim\fursim\release\windfield.obj
c:\users\yyh\documents\github\fursim\fursim\release\ftlnew.obj
c:\users\yyh\documents\github\fursim\fursim\release\shaderyh.obj
c:\users\yyh\documents\github\fursim\fursim\release\program.obj
c:\users\yyh\documents\github\fursim\fursim\release\isimulation.obj
c:\users\yyh\documents\github\fursim\fursim\release\helper.obj
c:\users\yyh\documents\github\fursim\fursim\release\hairfactory.obj
c:\users\yyh\documents\github\fursim\fursim\release\collisionhandler.obj
c:\users\yyh\documents\github\fursim\fursim\release\common.obj
c:\users\yyh\documents\github\fursim\fursim\release\soil2.obj
c:\users\yyh\documents\github\fursim\fursim\release\image_helper.obj
c:\users\yyh\documents\github\fursim\fursim\release\image_dxt.obj
c:\users\yyh\documents\github\fursim\fursim\release\etc1_utils.obj
c:\users\yyh\documents\github\fursim\release\fursim.exe
c:\users\yyh\documents\github\fursim\release\fursim.ipdb
c:\users\yyh\documents\github\fursim\release\fursim.iobj
c:\users\yyh\documents\github\fursim\release\fursim.pdb
c:\users\yyh\documents\github\fursim\fursim\release\fursim.tlog\cl.command.1.tlog
c:\users\yyh\documents\github\fursim\fursim\release\fursim.tlog\cl.read.1.tlog
c:\users\yyh\documents\github\fursim\fursim\release\fursim.tlog\cl.write.1.tlog
c:\users\yyh\documents\github\fursim\fursim\release\fursim.tlog\link.command.1.tlog
c:\users\yyh\documents\github\fursim\fursim\release\fursim.tlog\link.read.1.tlog
c:\users\yyh\documents\github\fursim\fursim\release\fursim.tlog\link.write.1.tlog
