  源.cpp
源.cpp(60): warning C4305: “初始化”: 从“double”到“float”截断
源.cpp(143): warning C4305: “初始化”: 从“double”到“float”截断
源.cpp(224): warning C4244: “参数”: 从“time_t”转换到“unsigned int”，可能丢失数据
源.cpp(325): warning C4305: “参数”: 从“double”到“float”截断
源.cpp(550): warning C4018: “<”: 有符号/无符号不匹配
源.cpp(552): warning C4018: “<”: 有符号/无符号不匹配
源.cpp(579): warning C4244: “参数”: 从“double”转换到“float”，可能丢失数据
源.cpp(604): warning C4018: “<”: 有符号/无符号不匹配
源.cpp(606): warning C4018: “<”: 有符号/无符号不匹配
源.cpp(634): warning C4018: “<”: 有符号/无符号不匹配
源.cpp(636): warning C4018: “<”: 有符号/无符号不匹配
源.cpp(932): warning C4244: “=”: 从“double”转换到“int”，可能丢失数据
源.cpp(933): warning C4244: “=”: 从“double”转换到“int”，可能丢失数据
  正在生成代码
  2 of 2596 functions ( 0.1%) were compiled, the rest were copied from previous compilation.
    0 functions were new in current compilation
    3 functions had inline decision re-evaluated but remain unchanged
  已完成代码的生成
  FurSim.vcxproj -> D:\GitHub\FurSim\Release\FurSim.exe
  FurSim.vcxproj -> D:\GitHub\FurSim\Release\FurSim.pdb (Full PDB)
